生成启动时间为 2016/2/29 13:18:05。
     1>项目“D:\Installation Package\VC6cn\MyProjects\Solve pi\Solve pi\Solve pi.vcxproj”在节点 2 上(build 个目标)。
     1>InitializeBuildStatus:
         正在创建“.\Debug\Solve pi.unsuccessfulbuild”，因为已指定“AlwaysCreate”。
       ClCompile:
         d:\program files (x86)\Microsoft Visual Studio 2010\VC\bin\CL.exe /c /ZI /nologo /W3 /WX- /Od /Oy- /D WIN32 /D _DEBUG /D _CONSOLE /D _VC80_UPGRADE=0x0600 /D _MBCS /Gm /EHsc /RTC1 /MTd /GS /Gy- /fp:precise /Zc:wchar_t /Zc:forScope /Fo".\Debug\\" /Fd".\Debug\vc100.pdb" /Gd /TP /analyze- /errorReport:prompt Qiu_pi.cpp
         Qiu_pi.cpp
     1>d:\installation package\vc6cn\myprojects\solve pi\solve pi\qiu_pi.cpp(17): warning C4244: “=”: 从“double”转换到“float”，可能丢失数据
       ManifestResourceCompile:
         所有输出均为最新。
       Link:
         d:\program files (x86)\Microsoft Visual Studio 2010\VC\bin\link.exe /ERRORREPORT:PROMPT /OUT:".\Debug\Solve pi.exe" /INCREMENTAL /NOLOGO odbc32.lib odbccp32.lib opencv_ml2410d.lib opencv_calib3d2410d.lib opencv_contrib2410d.lib opencv_core2410d.lib opencv_features2d2410d.lib opencv_flann2410d.lib opencv_gpu2410d.lib opencv_highgui2410d.lib opencv_imgproc2410d.lib opencv_legacy2410d.lib opencv_objdetect2410d.lib opencv_ts2410d.lib opencv_video2410d.lib opencv_nonfree2410d.lib opencv_ocl2410d.lib opencv_photo2410d.lib opencv_stitching2410d.lib opencv_superres2410d.lib opencv_videostab2410d.lib opencv_objdetect2410.lib opencv_ts2410.lib opencv_video2410.lib opencv_nonfree2410.lib opencv_ocl2410.lib opencv_photo2410.lib opencv_stitching2410.lib opencv_superres2410.lib opencv_videostab2410.lib opencv_calib3d2410.lib opencv_contrib2410.lib opencv_core2410.lib opencv_features2d2410.lib opencv_flann2410.lib opencv_gpu2410.lib opencv_highgui2410.lib opencv_imgproc2410.lib opencv_legacy2410.lib opencv_ml2410.lib kernel32.lib user32.lib gdi32.lib winspool.lib comdlg32.lib advapi32.lib shell32.lib ole32.lib oleaut32.lib uuid.lib odbc32.lib odbccp32.lib /MANIFEST /ManifestFile:".\Debug\Solve pi.exe.intermediate.manifest" /MANIFESTUAC:"level='asInvoker' uiAccess='false'" /DEBUG /PDB:"D:\Installation Package\VC6cn\MyProjects\Solve pi\Solve pi\Debug\Solve pi.pdb" /SUBSYSTEM:CONSOLE /TLBID:1 /DYNAMICBASE /NXCOMPAT /IMPLIB:".\Debug\Solve pi.lib" /MACHINE:X86 ".\Debug\Solve pi.exe.embed.manifest.res"
         .\Debug\Qiu_pi.obj
       Manifest:
         C:\Program Files (x86)\Microsoft SDKs\Windows\v7.0A\bin\mt.exe /nologo /verbose /out:".\Debug\Solve pi.exe.embed.manifest" /manifest ".\Debug\Solve pi.exe.intermediate.manifest"
         所有输出均为最新。
       LinkEmbedManifest:
         所有输出均为最新。
         Solve pi.vcxproj -> D:\Installation Package\VC6cn\MyProjects\Solve pi\Solve pi\.\Debug\Solve pi.exe
       FinalizeBuildStatus:
         正在删除文件“.\Debug\Solve pi.unsuccessfulbuild”。
         正在对“.\Debug\Solve pi.lastbuildstate”执行 Touch 任务。
     1>已完成生成项目“D:\Installation Package\VC6cn\MyProjects\Solve pi\Solve pi\Solve pi.vcxproj”(build 个目标)的操作。

生成成功。

已用时间 00:00:02.43
