生成启动时间为 2016/8/1 星期一 14:27:10。
     1>项目“D:\Installation Package\VC6cn\MyProjects\Inherit\Inherit\Inherit.vcxproj”在节点 2 上(build 个目标)。
     1>InitializeBuildStatus:
         正在创建“Debug\Inherit.unsuccessfulbuild”，因为已指定“AlwaysCreate”。
       ClCompile:
         D:\program file\VS2010\VC\bin\CL.exe /c /ZI /nologo /W3 /WX- /Od /Oy- /D WIN32 /D _DEBUG /D _CONSOLE /D _UNICODE /D UNICODE /Gm /EHsc /RTC1 /MDd /GS /fp:precise /Zc:wchar_t /Zc:forScope /Fo"Debug\\" /Fd"Debug\vc100.pdb" /Gd /TP /analyze- /errorReport:prompt Matrix.cpp
         Matrix.cpp
     1>d:\installation package\vc6cn\myprojects\inherit\inherit\matrix.cpp(151): warning C4244: “初始化”: 从“double”转换到“int”，可能丢失数据
       Link:
         D:\program file\VS2010\VC\bin\link.exe /ERRORREPORT:PROMPT /OUT:"D:\Installation Package\VC6cn\MyProjects\Inherit\Debug\Inherit.exe" /INCREMENTAL /NOLOGO opencv_calib3d2410d.lib opencv_contrib2410d.lib opencv_core2410d.lib opencv_features2d2410d.lib opencv_flann2410d.lib opencv_gpu2410d.lib opencv_highgui2410d.lib opencv_imgproc2410d.lib opencv_legacy2410d.lib opencv_ml2410d.lib opencv_objdetect2410d.lib opencv_ts2410d.lib opencv_video2410d.lib kernel32.lib user32.lib gdi32.lib winspool.lib comdlg32.lib advapi32.lib shell32.lib ole32.lib oleaut32.lib uuid.lib odbc32.lib odbccp32.lib /MANIFEST /ManifestFile:"Debug\Inherit.exe.intermediate.manifest" /MANIFESTUAC:"level='asInvoker' uiAccess='false'" /DEBUG /PDB:"D:\Installation Package\VC6cn\MyProjects\Inherit\Debug\Inherit.pdb" /SUBSYSTEM:CONSOLE /TLBID:1 /DYNAMICBASE /NXCOMPAT /IMPLIB:"D:\Installation Package\VC6cn\MyProjects\Inherit\Debug\Inherit.lib" /MACHINE:X86 Debug\Image.obj
         Debug\main.obj
         Debug\Matrix.obj
         Inherit.vcxproj -> D:\Installation Package\VC6cn\MyProjects\Inherit\Debug\Inherit.exe
       Manifest:
         c:\Program Files (x86)\Microsoft SDKs\Windows\v7.0A\bin\mt.exe /nologo /verbose /out:"D:\Installation Package\VC6cn\MyProjects\Inherit\Debug\Inherit.exe.manifest" /manifest Debug\Inherit.exe.intermediate.manifest
       FinalizeBuildStatus:
         正在删除文件“Debug\Inherit.unsuccessfulbuild”。
         正在对“Debug\Inherit.lastbuildstate”执行 Touch 任务。
     1>已完成生成项目“D:\Installation Package\VC6cn\MyProjects\Inherit\Inherit\Inherit.vcxproj”(build 个目标)的操作。

生成成功。

已用时间 00:00:01.67
